<?xml version="1.0" encoding="UTF-8"?>
<!-- Generated by org.testng.reporters.JUnitReportReporter -->
<testsuite hostname="DESKTOP-9SQBDHC" failures="0" tests="2" name="com.irctc.tests.homePageTest" time="22.822" errors="0" timestamp="2023-12-16T20:19:32 IST" skipped="0">
  <testcase classname="com.irctc.tests.homePageTest" name="addLocationsInFields" time="10.119"/>
  <system-out/>
  <testcase classname="com.irctc.tests.homePageTest" name="addLocationsInFields" time="12.703"/>
  <system-out/>
</testsuite> <!-- com.irctc.tests.homePageTest -->
