<?xml version="1.0" encoding="UTF-8"?>
<!-- Generated by org.testng.reporters.JUnitReportReporter -->
<testsuite hostname="DESKTOP-9SQBDHC" failures="0" tests="1" name="com.irctc.tests.homePageTest" time="15.771" errors="0" timestamp="2023-12-15T15:39:36 IST" skipped="0">
  <testcase classname="com.irctc.tests.homePageTest" name="launchWebsiteAndVerify" time="15.771"/>
  <system-out/>
</testsuite> <!-- com.irctc.tests.homePageTest -->
